<?xml version="1.0" encoding="UTF-8"?>
<testsuites>
<<<<<<< HEAD
  <testsuite name="The test suite generated by Stagehand_TestRunner" tests="21" assertions="33" failures="0" errors="15" time="218.059129">
    <testsuite name="ReaxmlInstaller_Test" file="/Users/nclifton/Documents/Marseclipse/workspace/reaxml-import/REAXMLImport/tests/admin_helper_Test.php" tests="1" assertions="0" failures="0" errors="1" time="0.018278">
      <testcase name="updatesUpdateSitesExtraQuery" class="ReaxmlInstaller_Test" file="/Users/nclifton/Documents/Marseclipse/workspace/reaxml-import/REAXMLImport/tests/admin_helper_Test.php" line="29" assertions="0" time="0.018278">
        <error type="PDOException">ReaxmlInstaller_Test::updatesUpdateSitesExtraQuery
PDOException: SQLSTATE[HY000] [2002] No such file or directory

/Users/nclifton/Documents/Marseclipse/workspace/reaxml-import/REAXMLImport/tests/dbtestcase.php:16
/Users/nclifton/Documents/Marseclipse/workspace/reaxml-import/REAXMLImport/tests/admin_helper_Test.php:16
/Applications/Eclipse-php.app/Contents/Eclipse/plugins/com.piece_framework.makegood.stagehandtestrunner_3.2.0.v201506270550/resources/php/vendor/piece/stagehand-testrunner/src/Runner/PHPUnitRunner.php:79
/Applications/Eclipse-php.app/Contents/Eclipse/plugins/com.piece_framework.makegood.stagehandtestrunner_3.2.0.v201506270550/resources/php/vendor/piece/stagehand-testrunner/src/Process/TestRunner.php:100
/Applications/Eclipse-php.app/Contents/Eclipse/plugins/com.piece_framework.makegood.stagehandtestrunner_3.2.0.v201506270550/resources/php/vendor/piece/stagehand-testrunner/src/CLI/TestRunnerApplication/Command/PluginCommand.php:150
/Applications/Eclipse-php.app/Contents/Eclipse/plugins/com.piece_framework.makegood.stagehandtestrunner_3.2.0.v201506270550/resources/php/vendor/symfony/console/Command/Command.php:259
/Applications/Eclipse-php.app/Contents/Eclipse/plugins/com.piece_framework.makegood.stagehandtestrunner_3.2.0.v201506270550/resources/php/vendor/symfony/console/Application.php:878
/Applications/Eclipse-php.app/Contents/Eclipse/plugins/com.piece_framework.makegood.stagehandtestrunner_3.2.0.v201506270550/resources/php/vendor/symfony/console/Application.php:195
/Applications/Eclipse-php.app/Contents/Eclipse/plugins/com.piece_framework.makegood.stagehandtestrunner_3.2.0.v201506270550/resources/php/vendor/symfony/console/Application.php:126
</error>
      </testcase>
    </testsuite>
    <testsuite name="FolderbrowserModel_Test" file="/Users/nclifton/Documents/Marseclipse/workspace/reaxml-import/REAXMLImport/tests/folderbrowserModel_Test.php" tests="6" assertions="33" failures="0" errors="0" time="0.074506">
      <testcase name="suppliesCorrectUrl" class="FolderbrowserModel_Test" file="/Users/nclifton/Documents/Marseclipse/workspace/reaxml-import/REAXMLImport/tests/folderbrowserModel_Test.php" line="22" assertions="1" time="0.027368"/>
      <testcase name="suppliesRootUrlWhenFolderNotUnderSitePath" class="FolderbrowserModel_Test" file="/Users/nclifton/Documents/Marseclipse/workspace/reaxml-import/REAXMLImport/tests/folderbrowserModel_Test.php" line="38" assertions="1" time="0.007283"/>
      <testcase name="suppliesRootUrlWhenFolderIsSitePath" class="FolderbrowserModel_Test" file="/Users/nclifton/Documents/Marseclipse/workspace/reaxml-import/REAXMLImport/tests/folderbrowserModel_Test.php" line="54" assertions="1" time="0.005109"/>
      <testcase name="suppliesUsableFolderList" class="FolderbrowserModel_Test" file="/Users/nclifton/Documents/Marseclipse/workspace/reaxml-import/REAXMLImport/tests/folderbrowserModel_Test.php" line="70" assertions="17" time="0.013910"/>
      <testcase name="switches_to_root_folder_if_supplied_folder_does_not_exist" class="FolderbrowserModel_Test" file="/Users/nclifton/Documents/Marseclipse/workspace/reaxml-import/REAXMLImport/tests/folderbrowserModel_Test.php" line="106" assertions="1" time="0.005166"/>
      <testcase name="suppliesUsableSubFolderList" class="FolderbrowserModel_Test" file="/Users/nclifton/Documents/Marseclipse/workspace/reaxml-import/REAXMLImport/tests/folderbrowserModel_Test.php" line="118" assertions="12" time="0.015670"/>
    </testsuite>
    <testsuite name="ReaxmlImporterCli_Test" file="/Users/nclifton/Documents/Marseclipse/workspace/reaxml-import/REAXMLImport/tests/importer_cli_Test.php" tests="1" assertions="0" failures="0" errors="1" time="0.005439">
      <testcase name="import_commercial_pullman" class="ReaxmlImporterCli_Test" file="/Users/nclifton/Documents/Marseclipse/workspace/reaxml-import/REAXMLImport/tests/importer_cli_Test.php" line="75" assertions="0" time="0.005439">
        <error type="PDOException">ReaxmlImporterCli_Test::import_commercial_pullman
PDOException: SQLSTATE[HY000] [2002] No such file or directory

/Users/nclifton/Documents/Marseclipse/workspace/reaxml-import/REAXMLImport/tests/dbtestcase.php:16
/Users/nclifton/Documents/Marseclipse/workspace/reaxml-import/REAXMLImport/tests/importer_cli_Test.php:53
/Applications/Eclipse-php.app/Contents/Eclipse/plugins/com.piece_framework.makegood.stagehandtestrunner_3.2.0.v201506270550/resources/php/vendor/piece/stagehand-testrunner/src/Runner/PHPUnitRunner.php:79
/Applications/Eclipse-php.app/Contents/Eclipse/plugins/com.piece_framework.makegood.stagehandtestrunner_3.2.0.v201506270550/resources/php/vendor/piece/stagehand-testrunner/src/Process/TestRunner.php:100
/Applications/Eclipse-php.app/Contents/Eclipse/plugins/com.piece_framework.makegood.stagehandtestrunner_3.2.0.v201506270550/resources/php/vendor/piece/stagehand-testrunner/src/CLI/TestRunnerApplication/Command/PluginCommand.php:150
/Applications/Eclipse-php.app/Contents/Eclipse/plugins/com.piece_framework.makegood.stagehandtestrunner_3.2.0.v201506270550/resources/php/vendor/symfony/console/Command/Command.php:259
/Applications/Eclipse-php.app/Contents/Eclipse/plugins/com.piece_framework.makegood.stagehandtestrunner_3.2.0.v201506270550/resources/php/vendor/symfony/console/Application.php:878
/Applications/Eclipse-php.app/Contents/Eclipse/plugins/com.piece_framework.makegood.stagehandtestrunner_3.2.0.v201506270550/resources/php/vendor/symfony/console/Application.php:195
/Applications/Eclipse-php.app/Contents/Eclipse/plugins/com.piece_framework.makegood.stagehandtestrunner_3.2.0.v201506270550/resources/php/vendor/symfony/console/Application.php:126
</error>
      </testcase>
    </testsuite>
    <testsuite name="configuration_Test" file="/Users/nclifton/Documents/Marseclipse/workspace/reaxml-import/REAXMLImport/tests/selenium/configuration_Test.php" tests="4" assertions="0" failures="0" errors="4" time="84.527566">
      <testcase name="can_do_folder_configuration" class="configuration_Test" file="/Users/nclifton/Documents/Marseclipse/workspace/reaxml-import/REAXMLImport/tests/selenium/configuration_Test.php" line="22" assertions="0" time="28.923508">
        <error type="PDOException">configuration_Test::can_do_folder_configuration
PDOException: SQLSTATE[HY000] [2002] No such file or directory

/Users/nclifton/Documents/Marseclipse/workspace/reaxml-import/REAXMLImport/tests/dbtestcase.php:16
/Users/nclifton/Documents/Marseclipse/workspace/reaxml-import/REAXMLImport/tests/selenium/seleniumdbhelper.php:11
/Users/nclifton/Documents/Marseclipse/workspace/reaxml-import/REAXMLImport/tests/selenium/reaxml_selenium_testcase.php:16
/Users/nclifton/Documents/Marseclipse/workspace/reaxml-import/REAXMLImport/tests/selenium/configuration_Test.php:10
/Applications/Eclipse-php.app/Contents/Eclipse/plugins/com.piece_framework.makegood.stagehandtestrunner_3.2.0.v201506270550/resources/php/vendor/piece/stagehand-testrunner/src/Runner/PHPUnitRunner.php:79
/Applications/Eclipse-php.app/Contents/Eclipse/plugins/com.piece_framework.makegood.stagehandtestrunner_3.2.0.v201506270550/resources/php/vendor/piece/stagehand-testrunner/src/Process/TestRunner.php:100
/Applications/Eclipse-php.app/Contents/Eclipse/plugins/com.piece_framework.makegood.stagehandtestrunner_3.2.0.v201506270550/resources/php/vendor/piece/stagehand-testrunner/src/CLI/TestRunnerApplication/Command/PluginCommand.php:150
/Applications/Eclipse-php.app/Contents/Eclipse/plugins/com.piece_framework.makegood.stagehandtestrunner_3.2.0.v201506270550/resources/php/vendor/symfony/console/Command/Command.php:259
/Applications/Eclipse-php.app/Contents/Eclipse/plugins/com.piece_framework.makegood.stagehandtestrunner_3.2.0.v201506270550/resources/php/vendor/symfony/console/Application.php:878
/Applications/Eclipse-php.app/Contents/Eclipse/plugins/com.piece_framework.makegood.stagehandtestrunner_3.2.0.v201506270550/resources/php/vendor/symfony/console/Application.php:195
/Applications/Eclipse-php.app/Contents/Eclipse/plugins/com.piece_framework.makegood.stagehandtestrunner_3.2.0.v201506270550/resources/php/vendor/symfony/console/Application.php:126
</error>
      </testcase>
      <testcase name="can_set_no_usemap" class="configuration_Test" file="/Users/nclifton/Documents/Marseclipse/workspace/reaxml-import/REAXMLImport/tests/selenium/configuration_Test.php" line="154" assertions="0" time="18.388109">
        <error type="PDOException">configuration_Test::can_set_no_usemap
PDOException: SQLSTATE[HY000] [2002] No such file or directory

/Users/nclifton/Documents/Marseclipse/workspace/reaxml-import/REAXMLImport/tests/dbtestcase.php:16
/Users/nclifton/Documents/Marseclipse/workspace/reaxml-import/REAXMLImport/tests/selenium/seleniumdbhelper.php:11
/Users/nclifton/Documents/Marseclipse/workspace/reaxml-import/REAXMLImport/tests/selenium/reaxml_selenium_testcase.php:16
/Users/nclifton/Documents/Marseclipse/workspace/reaxml-import/REAXMLImport/tests/selenium/configuration_Test.php:10
/Applications/Eclipse-php.app/Contents/Eclipse/plugins/com.piece_framework.makegood.stagehandtestrunner_3.2.0.v201506270550/resources/php/vendor/piece/stagehand-testrunner/src/Runner/PHPUnitRunner.php:79
/Applications/Eclipse-php.app/Contents/Eclipse/plugins/com.piece_framework.makegood.stagehandtestrunner_3.2.0.v201506270550/resources/php/vendor/piece/stagehand-testrunner/src/Process/TestRunner.php:100
/Applications/Eclipse-php.app/Contents/Eclipse/plugins/com.piece_framework.makegood.stagehandtestrunner_3.2.0.v201506270550/resources/php/vendor/piece/stagehand-testrunner/src/CLI/TestRunnerApplication/Command/PluginCommand.php:150
/Applications/Eclipse-php.app/Contents/Eclipse/plugins/com.piece_framework.makegood.stagehandtestrunner_3.2.0.v201506270550/resources/php/vendor/symfony/console/Command/Command.php:259
/Applications/Eclipse-php.app/Contents/Eclipse/plugins/com.piece_framework.makegood.stagehandtestrunner_3.2.0.v201506270550/resources/php/vendor/symfony/console/Application.php:878
/Applications/Eclipse-php.app/Contents/Eclipse/plugins/com.piece_framework.makegood.stagehandtestrunner_3.2.0.v201506270550/resources/php/vendor/symfony/console/Application.php:195
/Applications/Eclipse-php.app/Contents/Eclipse/plugins/com.piece_framework.makegood.stagehandtestrunner_3.2.0.v201506270550/resources/php/vendor/symfony/console/Application.php:126
</error>
      </testcase>
      <testcase name="can_set_usemap_ifnew" class="configuration_Test" file="/Users/nclifton/Documents/Marseclipse/workspace/reaxml-import/REAXMLImport/tests/selenium/configuration_Test.php" line="180" assertions="0" time="17.464838">
        <error type="PDOException">configuration_Test::can_set_usemap_ifnew
PDOException: SQLSTATE[HY000] [2002] No such file or directory

/Users/nclifton/Documents/Marseclipse/workspace/reaxml-import/REAXMLImport/tests/dbtestcase.php:16
/Users/nclifton/Documents/Marseclipse/workspace/reaxml-import/REAXMLImport/tests/selenium/seleniumdbhelper.php:11
/Users/nclifton/Documents/Marseclipse/workspace/reaxml-import/REAXMLImport/tests/selenium/reaxml_selenium_testcase.php:16
/Users/nclifton/Documents/Marseclipse/workspace/reaxml-import/REAXMLImport/tests/selenium/configuration_Test.php:10
/Applications/Eclipse-php.app/Contents/Eclipse/plugins/com.piece_framework.makegood.stagehandtestrunner_3.2.0.v201506270550/resources/php/vendor/piece/stagehand-testrunner/src/Runner/PHPUnitRunner.php:79
/Applications/Eclipse-php.app/Contents/Eclipse/plugins/com.piece_framework.makegood.stagehandtestrunner_3.2.0.v201506270550/resources/php/vendor/piece/stagehand-testrunner/src/Process/TestRunner.php:100
/Applications/Eclipse-php.app/Contents/Eclipse/plugins/com.piece_framework.makegood.stagehandtestrunner_3.2.0.v201506270550/resources/php/vendor/piece/stagehand-testrunner/src/CLI/TestRunnerApplication/Command/PluginCommand.php:150
/Applications/Eclipse-php.app/Contents/Eclipse/plugins/com.piece_framework.makegood.stagehandtestrunner_3.2.0.v201506270550/resources/php/vendor/symfony/console/Command/Command.php:259
/Applications/Eclipse-php.app/Contents/Eclipse/plugins/com.piece_framework.makegood.stagehandtestrunner_3.2.0.v201506270550/resources/php/vendor/symfony/console/Application.php:878
/Applications/Eclipse-php.app/Contents/Eclipse/plugins/com.piece_framework.makegood.stagehandtestrunner_3.2.0.v201506270550/resources/php/vendor/symfony/console/Application.php:195
/Applications/Eclipse-php.app/Contents/Eclipse/plugins/com.piece_framework.makegood.stagehandtestrunner_3.2.0.v201506270550/resources/php/vendor/symfony/console/Application.php:126
</error>
      </testcase>
      <testcase name="can_set_usemap_always" class="configuration_Test" file="/Users/nclifton/Documents/Marseclipse/workspace/reaxml-import/REAXMLImport/tests/selenium/configuration_Test.php" line="207" assertions="0" time="19.751111">
        <error type="PDOException">configuration_Test::can_set_usemap_always
PDOException: SQLSTATE[HY000] [2002] No such file or directory

/Users/nclifton/Documents/Marseclipse/workspace/reaxml-import/REAXMLImport/tests/dbtestcase.php:16
/Users/nclifton/Documents/Marseclipse/workspace/reaxml-import/REAXMLImport/tests/selenium/seleniumdbhelper.php:11
/Users/nclifton/Documents/Marseclipse/workspace/reaxml-import/REAXMLImport/tests/selenium/reaxml_selenium_testcase.php:16
/Users/nclifton/Documents/Marseclipse/workspace/reaxml-import/REAXMLImport/tests/selenium/configuration_Test.php:10
/Applications/Eclipse-php.app/Contents/Eclipse/plugins/com.piece_framework.makegood.stagehandtestrunner_3.2.0.v201506270550/resources/php/vendor/piece/stagehand-testrunner/src/Runner/PHPUnitRunner.php:79
/Applications/Eclipse-php.app/Contents/Eclipse/plugins/com.piece_framework.makegood.stagehandtestrunner_3.2.0.v201506270550/resources/php/vendor/piece/stagehand-testrunner/src/Process/TestRunner.php:100
/Applications/Eclipse-php.app/Contents/Eclipse/plugins/com.piece_framework.makegood.stagehandtestrunner_3.2.0.v201506270550/resources/php/vendor/piece/stagehand-testrunner/src/CLI/TestRunnerApplication/Command/PluginCommand.php:150
/Applications/Eclipse-php.app/Contents/Eclipse/plugins/com.piece_framework.makegood.stagehandtestrunner_3.2.0.v201506270550/resources/php/vendor/symfony/console/Command/Command.php:259
/Applications/Eclipse-php.app/Contents/Eclipse/plugins/com.piece_framework.makegood.stagehandtestrunner_3.2.0.v201506270550/resources/php/vendor/symfony/console/Application.php:878
/Applications/Eclipse-php.app/Contents/Eclipse/plugins/com.piece_framework.makegood.stagehandtestrunner_3.2.0.v201506270550/resources/php/vendor/symfony/console/Application.php:195
/Applications/Eclipse-php.app/Contents/Eclipse/plugins/com.piece_framework.makegood.stagehandtestrunner_3.2.0.v201506270550/resources/php/vendor/symfony/console/Application.php:126
</error>
      </testcase>
    </testsuite>
    <testsuite name="folderbrowser_Test" file="/Users/nclifton/Documents/Marseclipse/workspace/reaxml-import/REAXMLImport/tests/selenium/folderbrowser_Test.php" tests="6" assertions="0" failures="0" errors="6" time="100.718713">
      <testcase name="displays_folders" class="folderbrowser_Test" file="/Users/nclifton/Documents/Marseclipse/workspace/reaxml-import/REAXMLImport/tests/selenium/folderbrowser_Test.php" line="22" assertions="0" time="16.545458">
        <error type="PDOException">folderbrowser_Test::displays_folders
PDOException: SQLSTATE[HY000] [2002] No such file or directory

/Users/nclifton/Documents/Marseclipse/workspace/reaxml-import/REAXMLImport/tests/dbtestcase.php:16
/Users/nclifton/Documents/Marseclipse/workspace/reaxml-import/REAXMLImport/tests/selenium/seleniumdbhelper.php:11
/Users/nclifton/Documents/Marseclipse/workspace/reaxml-import/REAXMLImport/tests/selenium/reaxml_selenium_testcase.php:16
/Users/nclifton/Documents/Marseclipse/workspace/reaxml-import/REAXMLImport/tests/selenium/folderbrowser_Test.php:10
/Applications/Eclipse-php.app/Contents/Eclipse/plugins/com.piece_framework.makegood.stagehandtestrunner_3.2.0.v201506270550/resources/php/vendor/piece/stagehand-testrunner/src/Runner/PHPUnitRunner.php:79
/Applications/Eclipse-php.app/Contents/Eclipse/plugins/com.piece_framework.makegood.stagehandtestrunner_3.2.0.v201506270550/resources/php/vendor/piece/stagehand-testrunner/src/Process/TestRunner.php:100
/Applications/Eclipse-php.app/Contents/Eclipse/plugins/com.piece_framework.makegood.stagehandtestrunner_3.2.0.v201506270550/resources/php/vendor/piece/stagehand-testrunner/src/CLI/TestRunnerApplication/Command/PluginCommand.php:150
/Applications/Eclipse-php.app/Contents/Eclipse/plugins/com.piece_framework.makegood.stagehandtestrunner_3.2.0.v201506270550/resources/php/vendor/symfony/console/Command/Command.php:259
/Applications/Eclipse-php.app/Contents/Eclipse/plugins/com.piece_framework.makegood.stagehandtestrunner_3.2.0.v201506270550/resources/php/vendor/symfony/console/Application.php:878
/Applications/Eclipse-php.app/Contents/Eclipse/plugins/com.piece_framework.makegood.stagehandtestrunner_3.2.0.v201506270550/resources/php/vendor/symfony/console/Application.php:195
/Applications/Eclipse-php.app/Contents/Eclipse/plugins/com.piece_framework.makegood.stagehandtestrunner_3.2.0.v201506270550/resources/php/vendor/symfony/console/Application.php:126
</error>
      </testcase>
      <testcase name="can_use_current_folder" class="folderbrowser_Test" file="/Users/nclifton/Documents/Marseclipse/workspace/reaxml-import/REAXMLImport/tests/selenium/folderbrowser_Test.php" line="97" assertions="0" time="17.384535">
        <error type="PDOException">folderbrowser_Test::can_use_current_folder
PDOException: SQLSTATE[HY000] [2002] No such file or directory

/Users/nclifton/Documents/Marseclipse/workspace/reaxml-import/REAXMLImport/tests/dbtestcase.php:16
/Users/nclifton/Documents/Marseclipse/workspace/reaxml-import/REAXMLImport/tests/selenium/seleniumdbhelper.php:11
/Users/nclifton/Documents/Marseclipse/workspace/reaxml-import/REAXMLImport/tests/selenium/reaxml_selenium_testcase.php:16
/Users/nclifton/Documents/Marseclipse/workspace/reaxml-import/REAXMLImport/tests/selenium/folderbrowser_Test.php:10
/Applications/Eclipse-php.app/Contents/Eclipse/plugins/com.piece_framework.makegood.stagehandtestrunner_3.2.0.v201506270550/resources/php/vendor/piece/stagehand-testrunner/src/Runner/PHPUnitRunner.php:79
/Applications/Eclipse-php.app/Contents/Eclipse/plugins/com.piece_framework.makegood.stagehandtestrunner_3.2.0.v201506270550/resources/php/vendor/piece/stagehand-testrunner/src/Process/TestRunner.php:100
/Applications/Eclipse-php.app/Contents/Eclipse/plugins/com.piece_framework.makegood.stagehandtestrunner_3.2.0.v201506270550/resources/php/vendor/piece/stagehand-testrunner/src/CLI/TestRunnerApplication/Command/PluginCommand.php:150
/Applications/Eclipse-php.app/Contents/Eclipse/plugins/com.piece_framework.makegood.stagehandtestrunner_3.2.0.v201506270550/resources/php/vendor/symfony/console/Command/Command.php:259
/Applications/Eclipse-php.app/Contents/Eclipse/plugins/com.piece_framework.makegood.stagehandtestrunner_3.2.0.v201506270550/resources/php/vendor/symfony/console/Application.php:878
/Applications/Eclipse-php.app/Contents/Eclipse/plugins/com.piece_framework.makegood.stagehandtestrunner_3.2.0.v201506270550/resources/php/vendor/symfony/console/Application.php:195
/Applications/Eclipse-php.app/Contents/Eclipse/plugins/com.piece_framework.makegood.stagehandtestrunner_3.2.0.v201506270550/resources/php/vendor/symfony/console/Application.php:126
</error>
      </testcase>
      <testcase name="uses_root_folder_if_supplied_folder_does_not_exist" class="folderbrowser_Test" file="/Users/nclifton/Documents/Marseclipse/workspace/reaxml-import/REAXMLImport/tests/selenium/folderbrowser_Test.php" line="138" assertions="0" time="17.560407">
        <error type="PDOException">folderbrowser_Test::uses_root_folder_if_supplied_folder_does_not_exist
PDOException: SQLSTATE[HY000] [2002] No such file or directory

/Users/nclifton/Documents/Marseclipse/workspace/reaxml-import/REAXMLImport/tests/dbtestcase.php:16
/Users/nclifton/Documents/Marseclipse/workspace/reaxml-import/REAXMLImport/tests/selenium/seleniumdbhelper.php:11
/Users/nclifton/Documents/Marseclipse/workspace/reaxml-import/REAXMLImport/tests/selenium/reaxml_selenium_testcase.php:16
/Users/nclifton/Documents/Marseclipse/workspace/reaxml-import/REAXMLImport/tests/selenium/folderbrowser_Test.php:10
/Applications/Eclipse-php.app/Contents/Eclipse/plugins/com.piece_framework.makegood.stagehandtestrunner_3.2.0.v201506270550/resources/php/vendor/piece/stagehand-testrunner/src/Runner/PHPUnitRunner.php:79
/Applications/Eclipse-php.app/Contents/Eclipse/plugins/com.piece_framework.makegood.stagehandtestrunner_3.2.0.v201506270550/resources/php/vendor/piece/stagehand-testrunner/src/Process/TestRunner.php:100
/Applications/Eclipse-php.app/Contents/Eclipse/plugins/com.piece_framework.makegood.stagehandtestrunner_3.2.0.v201506270550/resources/php/vendor/piece/stagehand-testrunner/src/CLI/TestRunnerApplication/Command/PluginCommand.php:150
/Applications/Eclipse-php.app/Contents/Eclipse/plugins/com.piece_framework.makegood.stagehandtestrunner_3.2.0.v201506270550/resources/php/vendor/symfony/console/Command/Command.php:259
/Applications/Eclipse-php.app/Contents/Eclipse/plugins/com.piece_framework.makegood.stagehandtestrunner_3.2.0.v201506270550/resources/php/vendor/symfony/console/Application.php:878
/Applications/Eclipse-php.app/Contents/Eclipse/plugins/com.piece_framework.makegood.stagehandtestrunner_3.2.0.v201506270550/resources/php/vendor/symfony/console/Application.php:195
/Applications/Eclipse-php.app/Contents/Eclipse/plugins/com.piece_framework.makegood.stagehandtestrunner_3.2.0.v201506270550/resources/php/vendor/symfony/console/Application.php:126
</error>
      </testcase>
      <testcase name="can_select_another_folder" class="folderbrowser_Test" file="/Users/nclifton/Documents/Marseclipse/workspace/reaxml-import/REAXMLImport/tests/selenium/folderbrowser_Test.php" line="152" assertions="0" time="17.150655">
        <error type="PDOException">folderbrowser_Test::can_select_another_folder
PDOException: SQLSTATE[HY000] [2002] No such file or directory

/Users/nclifton/Documents/Marseclipse/workspace/reaxml-import/REAXMLImport/tests/dbtestcase.php:16
/Users/nclifton/Documents/Marseclipse/workspace/reaxml-import/REAXMLImport/tests/selenium/seleniumdbhelper.php:11
/Users/nclifton/Documents/Marseclipse/workspace/reaxml-import/REAXMLImport/tests/selenium/reaxml_selenium_testcase.php:16
/Users/nclifton/Documents/Marseclipse/workspace/reaxml-import/REAXMLImport/tests/selenium/folderbrowser_Test.php:10
/Applications/Eclipse-php.app/Contents/Eclipse/plugins/com.piece_framework.makegood.stagehandtestrunner_3.2.0.v201506270550/resources/php/vendor/piece/stagehand-testrunner/src/Runner/PHPUnitRunner.php:79
/Applications/Eclipse-php.app/Contents/Eclipse/plugins/com.piece_framework.makegood.stagehandtestrunner_3.2.0.v201506270550/resources/php/vendor/piece/stagehand-testrunner/src/Process/TestRunner.php:100
/Applications/Eclipse-php.app/Contents/Eclipse/plugins/com.piece_framework.makegood.stagehandtestrunner_3.2.0.v201506270550/resources/php/vendor/piece/stagehand-testrunner/src/CLI/TestRunnerApplication/Command/PluginCommand.php:150
/Applications/Eclipse-php.app/Contents/Eclipse/plugins/com.piece_framework.makegood.stagehandtestrunner_3.2.0.v201506270550/resources/php/vendor/symfony/console/Command/Command.php:259
/Applications/Eclipse-php.app/Contents/Eclipse/plugins/com.piece_framework.makegood.stagehandtestrunner_3.2.0.v201506270550/resources/php/vendor/symfony/console/Application.php:878
/Applications/Eclipse-php.app/Contents/Eclipse/plugins/com.piece_framework.makegood.stagehandtestrunner_3.2.0.v201506270550/resources/php/vendor/symfony/console/Application.php:195
/Applications/Eclipse-php.app/Contents/Eclipse/plugins/com.piece_framework.makegood.stagehandtestrunner_3.2.0.v201506270550/resources/php/vendor/symfony/console/Application.php:126
</error>
      </testcase>
      <testcase name="can_go_to_another_folder" class="folderbrowser_Test" file="/Users/nclifton/Documents/Marseclipse/workspace/reaxml-import/REAXMLImport/tests/selenium/folderbrowser_Test.php" line="204" assertions="0" time="14.914835">
        <error type="PDOException">folderbrowser_Test::can_go_to_another_folder
PDOException: SQLSTATE[HY000] [2002] No such file or directory

/Users/nclifton/Documents/Marseclipse/workspace/reaxml-import/REAXMLImport/tests/dbtestcase.php:16
/Users/nclifton/Documents/Marseclipse/workspace/reaxml-import/REAXMLImport/tests/selenium/seleniumdbhelper.php:11
/Users/nclifton/Documents/Marseclipse/workspace/reaxml-import/REAXMLImport/tests/selenium/reaxml_selenium_testcase.php:16
/Users/nclifton/Documents/Marseclipse/workspace/reaxml-import/REAXMLImport/tests/selenium/folderbrowser_Test.php:10
/Applications/Eclipse-php.app/Contents/Eclipse/plugins/com.piece_framework.makegood.stagehandtestrunner_3.2.0.v201506270550/resources/php/vendor/piece/stagehand-testrunner/src/Runner/PHPUnitRunner.php:79
/Applications/Eclipse-php.app/Contents/Eclipse/plugins/com.piece_framework.makegood.stagehandtestrunner_3.2.0.v201506270550/resources/php/vendor/piece/stagehand-testrunner/src/Process/TestRunner.php:100
/Applications/Eclipse-php.app/Contents/Eclipse/plugins/com.piece_framework.makegood.stagehandtestrunner_3.2.0.v201506270550/resources/php/vendor/piece/stagehand-testrunner/src/CLI/TestRunnerApplication/Command/PluginCommand.php:150
/Applications/Eclipse-php.app/Contents/Eclipse/plugins/com.piece_framework.makegood.stagehandtestrunner_3.2.0.v201506270550/resources/php/vendor/symfony/console/Command/Command.php:259
/Applications/Eclipse-php.app/Contents/Eclipse/plugins/com.piece_framework.makegood.stagehandtestrunner_3.2.0.v201506270550/resources/php/vendor/symfony/console/Application.php:878
/Applications/Eclipse-php.app/Contents/Eclipse/plugins/com.piece_framework.makegood.stagehandtestrunner_3.2.0.v201506270550/resources/php/vendor/symfony/console/Application.php:195
/Applications/Eclipse-php.app/Contents/Eclipse/plugins/com.piece_framework.makegood.stagehandtestrunner_3.2.0.v201506270550/resources/php/vendor/symfony/console/Application.php:126
</error>
      </testcase>
      <testcase name="can_drill_down_to_a_subfolder" class="folderbrowser_Test" file="/Users/nclifton/Documents/Marseclipse/workspace/reaxml-import/REAXMLImport/tests/selenium/folderbrowser_Test.php" line="263" assertions="0" time="17.162823">
        <error type="PDOException">folderbrowser_Test::can_drill_down_to_a_subfolder
PDOException: SQLSTATE[HY000] [2002] No such file or directory

/Users/nclifton/Documents/Marseclipse/workspace/reaxml-import/REAXMLImport/tests/dbtestcase.php:16
/Users/nclifton/Documents/Marseclipse/workspace/reaxml-import/REAXMLImport/tests/selenium/seleniumdbhelper.php:11
/Users/nclifton/Documents/Marseclipse/workspace/reaxml-import/REAXMLImport/tests/selenium/reaxml_selenium_testcase.php:16
/Users/nclifton/Documents/Marseclipse/workspace/reaxml-import/REAXMLImport/tests/selenium/folderbrowser_Test.php:10
/Applications/Eclipse-php.app/Contents/Eclipse/plugins/com.piece_framework.makegood.stagehandtestrunner_3.2.0.v201506270550/resources/php/vendor/piece/stagehand-testrunner/src/Runner/PHPUnitRunner.php:79
/Applications/Eclipse-php.app/Contents/Eclipse/plugins/com.piece_framework.makegood.stagehandtestrunner_3.2.0.v201506270550/resources/php/vendor/piece/stagehand-testrunner/src/Process/TestRunner.php:100
/Applications/Eclipse-php.app/Contents/Eclipse/plugins/com.piece_framework.makegood.stagehandtestrunner_3.2.0.v201506270550/resources/php/vendor/piece/stagehand-testrunner/src/CLI/TestRunnerApplication/Command/PluginCommand.php:150
/Applications/Eclipse-php.app/Contents/Eclipse/plugins/com.piece_framework.makegood.stagehandtestrunner_3.2.0.v201506270550/resources/php/vendor/symfony/console/Command/Command.php:259
/Applications/Eclipse-php.app/Contents/Eclipse/plugins/com.piece_framework.makegood.stagehandtestrunner_3.2.0.v201506270550/resources/php/vendor/symfony/console/Application.php:878
/Applications/Eclipse-php.app/Contents/Eclipse/plugins/com.piece_framework.makegood.stagehandtestrunner_3.2.0.v201506270550/resources/php/vendor/symfony/console/Application.php:195
/Applications/Eclipse-php.app/Contents/Eclipse/plugins/com.piece_framework.makegood.stagehandtestrunner_3.2.0.v201506270550/resources/php/vendor/symfony/console/Application.php:126
</error>
      </testcase>
    </testsuite>
    <testsuite name="Import_Test" file="/Users/nclifton/Documents/Marseclipse/workspace/reaxml-import/REAXMLImport/tests/selenium/import_Test.php" tests="1" assertions="0" failures="0" errors="1" time="8.853800">
      <testcase name="configure_and_import" class="Import_Test" file="/Users/nclifton/Documents/Marseclipse/workspace/reaxml-import/REAXMLImport/tests/selenium/import_Test.php" line="60" assertions="0" time="8.853800">
        <error type="PDOException">Import_Test::configure_and_import
PDOException: SQLSTATE[HY000] [2002] No such file or directory

/Users/nclifton/Documents/Marseclipse/workspace/reaxml-import/REAXMLImport/tests/dbtestcase.php:16
/Users/nclifton/Documents/Marseclipse/workspace/reaxml-import/REAXMLImport/tests/selenium/seleniumdbhelper.php:11
/Users/nclifton/Documents/Marseclipse/workspace/reaxml-import/REAXMLImport/tests/selenium/reaxml_selenium_testcase.php:16
/Users/nclifton/Documents/Marseclipse/workspace/reaxml-import/REAXMLImport/tests/selenium/import_Test.php:24
/Applications/Eclipse-php.app/Contents/Eclipse/plugins/com.piece_framework.makegood.stagehandtestrunner_3.2.0.v201506270550/resources/php/vendor/piece/stagehand-testrunner/src/Runner/PHPUnitRunner.php:79
/Applications/Eclipse-php.app/Contents/Eclipse/plugins/com.piece_framework.makegood.stagehandtestrunner_3.2.0.v201506270550/resources/php/vendor/piece/stagehand-testrunner/src/Process/TestRunner.php:100
/Applications/Eclipse-php.app/Contents/Eclipse/plugins/com.piece_framework.makegood.stagehandtestrunner_3.2.0.v201506270550/resources/php/vendor/piece/stagehand-testrunner/src/CLI/TestRunnerApplication/Command/PluginCommand.php:150
/Applications/Eclipse-php.app/Contents/Eclipse/plugins/com.piece_framework.makegood.stagehandtestrunner_3.2.0.v201506270550/resources/php/vendor/symfony/console/Command/Command.php:259
/Applications/Eclipse-php.app/Contents/Eclipse/plugins/com.piece_framework.makegood.stagehandtestrunner_3.2.0.v201506270550/resources/php/vendor/symfony/console/Application.php:878
/Applications/Eclipse-php.app/Contents/Eclipse/plugins/com.piece_framework.makegood.stagehandtestrunner_3.2.0.v201506270550/resources/php/vendor/symfony/console/Application.php:195
/Applications/Eclipse-php.app/Contents/Eclipse/plugins/com.piece_framework.makegood.stagehandtestrunner_3.2.0.v201506270550/resources/php/vendor/symfony/console/Application.php:126
</error>
      </testcase>
    </testsuite>
    <testsuite name="inject_download_id_Test" file="/Users/nclifton/Documents/Marseclipse/workspace/reaxml-import/REAXMLImport/tests/selenium/inject_download_id_Test.php" tests="1" assertions="0" failures="0" errors="1" time="15.363396">
      <testcase name="can_enter_and_save_download_id" class="inject_download_id_Test" file="/Users/nclifton/Documents/Marseclipse/workspace/reaxml-import/REAXMLImport/tests/selenium/inject_download_id_Test.php" line="25" assertions="0" time="15.363396">
        <error type="PDOException">inject_download_id_Test::can_enter_and_save_download_id
PDOException: SQLSTATE[HY000] [2002] No such file or directory

/Users/nclifton/Documents/Marseclipse/workspace/reaxml-import/REAXMLImport/tests/dbtestcase.php:16
/Users/nclifton/Documents/Marseclipse/workspace/reaxml-import/REAXMLImport/tests/selenium/seleniumdbhelper.php:11
/Users/nclifton/Documents/Marseclipse/workspace/reaxml-import/REAXMLImport/tests/selenium/reaxml_selenium_testcase.php:16
/Users/nclifton/Documents/Marseclipse/workspace/reaxml-import/REAXMLImport/tests/selenium/inject_download_id_Test.php:19
/Applications/Eclipse-php.app/Contents/Eclipse/plugins/com.piece_framework.makegood.stagehandtestrunner_3.2.0.v201506270550/resources/php/vendor/piece/stagehand-testrunner/src/Runner/PHPUnitRunner.php:79
/Applications/Eclipse-php.app/Contents/Eclipse/plugins/com.piece_framework.makegood.stagehandtestrunner_3.2.0.v201506270550/resources/php/vendor/piece/stagehand-testrunner/src/Process/TestRunner.php:100
/Applications/Eclipse-php.app/Contents/Eclipse/plugins/com.piece_framework.makegood.stagehandtestrunner_3.2.0.v201506270550/resources/php/vendor/piece/stagehand-testrunner/src/CLI/TestRunnerApplication/Command/PluginCommand.php:150
/Applications/Eclipse-php.app/Contents/Eclipse/plugins/com.piece_framework.makegood.stagehandtestrunner_3.2.0.v201506270550/resources/php/vendor/symfony/console/Command/Command.php:259
/Applications/Eclipse-php.app/Contents/Eclipse/plugins/com.piece_framework.makegood.stagehandtestrunner_3.2.0.v201506270550/resources/php/vendor/symfony/console/Application.php:878
/Applications/Eclipse-php.app/Contents/Eclipse/plugins/com.piece_framework.makegood.stagehandtestrunner_3.2.0.v201506270550/resources/php/vendor/symfony/console/Application.php:195
/Applications/Eclipse-php.app/Contents/Eclipse/plugins/com.piece_framework.makegood.stagehandtestrunner_3.2.0.v201506270550/resources/php/vendor/symfony/console/Application.php:126
</error>
      </testcase>
    </testsuite>
    <testsuite name="Install_update_Test" file="/Users/nclifton/Documents/Marseclipse/workspace/reaxml-import/REAXMLImport/tests/selenium/install_update_Test.php" tests="1" assertions="0" failures="0" errors="1" time="8.497431">
      <testcase name="update_information_available" class="Install_update_Test" file="/Users/nclifton/Documents/Marseclipse/workspace/reaxml-import/REAXMLImport/tests/selenium/install_update_Test.php" line="26" assertions="0" time="8.497431">
        <error type="PDOException">Install_update_Test::update_information_available
PDOException: SQLSTATE[HY000] [2002] No such file or directory

/Users/nclifton/Documents/Marseclipse/workspace/reaxml-import/REAXMLImport/tests/dbtestcase.php:16
/Users/nclifton/Documents/Marseclipse/workspace/reaxml-import/REAXMLImport/tests/selenium/seleniumdbhelper.php:11
/Users/nclifton/Documents/Marseclipse/workspace/reaxml-import/REAXMLImport/tests/selenium/reaxml_selenium_testcase.php:16
/Applications/Eclipse-php.app/Contents/Eclipse/plugins/com.piece_framework.makegood.stagehandtestrunner_3.2.0.v201506270550/resources/php/vendor/piece/stagehand-testrunner/src/Runner/PHPUnitRunner.php:79
/Applications/Eclipse-php.app/Contents/Eclipse/plugins/com.piece_framework.makegood.stagehandtestrunner_3.2.0.v201506270550/resources/php/vendor/piece/stagehand-testrunner/src/Process/TestRunner.php:100
/Applications/Eclipse-php.app/Contents/Eclipse/plugins/com.piece_framework.makegood.stagehandtestrunner_3.2.0.v201506270550/resources/php/vendor/piece/stagehand-testrunner/src/CLI/TestRunnerApplication/Command/PluginCommand.php:150
/Applications/Eclipse-php.app/Contents/Eclipse/plugins/com.piece_framework.makegood.stagehandtestrunner_3.2.0.v201506270550/resources/php/vendor/symfony/console/Command/Command.php:259
/Applications/Eclipse-php.app/Contents/Eclipse/plugins/com.piece_framework.makegood.stagehandtestrunner_3.2.0.v201506270550/resources/php/vendor/symfony/console/Application.php:878
/Applications/Eclipse-php.app/Contents/Eclipse/plugins/com.piece_framework.makegood.stagehandtestrunner_3.2.0.v201506270550/resources/php/vendor/symfony/console/Application.php:195
/Applications/Eclipse-php.app/Contents/Eclipse/plugins/com.piece_framework.makegood.stagehandtestrunner_3.2.0.v201506270550/resources/php/vendor/symfony/console/Application.php:126
</error>
      </testcase>
    </testsuite>
=======
  <testsuite name="ReaxmlImporterCli_Test" file="/Users/nclifton/git/reaxml-import/REAXMLImport/tests/importer_cli_Test.php" tests="2" assertions="2" failures="1" errors="0" time="225.596899">
    <testcase name="bad_xml_file_handling" class="ReaxmlImporterCli_Test" file="/Users/nclifton/git/reaxml-import/REAXMLImport/tests/importer_cli_Test.php" line="102" assertions="1" time="1.821545"/>
    <testcase name="import_commercial_pullman" class="ReaxmlImporterCli_Test" file="/Users/nclifton/git/reaxml-import/REAXMLImport/tests/importer_cli_Test.php" line="132" assertions="1" time="223.775354">
      <failure type="PHPUnit_Framework_ExpectationFailedException">ReaxmlImporterCli_Test::import_commercial_pullman
property count
Failed asserting that 46 matches expected 117.

/Users/nclifton/git/reaxml-import/REAXMLImport/tests/importer_cli_Test.php:166
</failure>
    </testcase>
>>>>>>> origin/master
  </testsuite>
</testsuites>
